Build started 10/25/2014 3:17:18 PM.
     1>Project "D:\Programming\Visual C++ Projects\UniSim\UniSim\UniSim.vcxproj" on node 2 (build target(s)).
     1>InitializeBuildStatus:
         Touching "Debug\UniSim.unsuccessfulbuild".
       ClCompile:
         C:\Program Files (x86)\Microsoft Visual Studio 10.0\VC\bin\CL.exe /c /I"D:\Programming\SDL2_image-2.0.0\include" /I"D:\Programming\SDL2_mixer-2.0.0\include" /I"D:\Programming\SDL2-2.0.3\include" /ZI /nologo /W3 /WX- /Od /Oy- /D WIN32 /D _DEBUG /D _CONSOLE /D _UNICODE /D UNICODE /Gm /EHsc /RTC1 /MDd /GS /fp:precise /Zc:wchar_t /Zc:forScope /Fo"Debug\\" /Fd"Debug\vc100.pdb" /Gd /TP /analyze- /errorReport:prompt Student.cpp
         Student.cpp
     1>d:\programming\visual c++ projects\unisim\unisim\student.cpp(7): warning C4244: 'argument' : conversion from 'time_t' to 'unsigned int', possible loss of data
       ManifestResourceCompile:
         All outputs are up-to-date.
       Link:
         C:\Program Files (x86)\Microsoft Visual Studio 10.0\VC\bin\link.exe /ERRORREPORT:PROMPT /OUT:"D:\Programming\Visual C++ Projects\UniSim\Debug\UniSim.exe" /INCREMENTAL /NOLOGO /LIBPATH:"D:\Programming\SDL2_image-2.0.0\lib\x86" /LIBPATH:"D:\Programming\SDL2_mixer-2.0.0\lib\x86" /LIBPATH:"D:\Programming\SDL2-2.0.3\lib\x86" SDL2.lib SDL2main.lib SDL2_image.lib SDL2_mixer.lib kernel32.lib user32.lib gdi32.lib winspool.lib comdlg32.lib advapi32.lib shell32.lib ole32.lib oleaut32.lib uuid.lib odbc32.lib odbccp32.lib /MANIFEST /ManifestFile:"Debug\UniSim.exe.intermediate.manifest" /MANIFESTUAC:"level='asInvoker' uiAccess='false'" /DEBUG /PDB:"D:\Programming\Visual C++ Projects\UniSim\Debug\UniSim.pdb" /SUBSYSTEM:CONSOLE /TLBID:1 /DYNAMICBASE /NXCOMPAT /IMPLIB:"D:\Programming\Visual C++ Projects\UniSim\Debug\UniSim.lib" /MACHINE:X86 Debug\UniSim.exe.embed.manifest.res
         Debug\Student.obj
         Debug\UniSim.obj
     1>MSVCRTD.lib(cinitexe.obj) : warning LNK4098: defaultlib 'msvcrt.lib' conflicts with use of other libs; use /NODEFAULTLIB:library
       Manifest:
         C:\Program Files (x86)\Microsoft SDKs\Windows\v7.0A\bin\mt.exe /nologo /verbose /out:"Debug\UniSim.exe.embed.manifest" /manifest Debug\UniSim.exe.intermediate.manifest
         All outputs are up-to-date.
       LinkEmbedManifest:
         All outputs are up-to-date.
         UniSim.vcxproj -> D:\Programming\Visual C++ Projects\UniSim\Debug\UniSim.exe
       FinalizeBuildStatus:
         Deleting file "Debug\UniSim.unsuccessfulbuild".
         Touching "Debug\UniSim.lastbuildstate".
     1>Done Building Project "D:\Programming\Visual C++ Projects\UniSim\UniSim\UniSim.vcxproj" (build target(s)).

Build succeeded.

Time Elapsed 00:00:01.41
